2025-03-03T17:24:59.217478+0000 INFO Connected
2025-03-03T17:25:12.884229+0000 INFO Received user message: 2 в степени 14
2025-03-03T17:25:13.980735+0000 INFO Received answer: 2 в степени 14 равно 16 384.
2025-03-03T17:25:48.960873+0000 INFO Connected
2025-03-03T17:31:47.935409+0000 INFO Connected
2025-03-03T17:32:40.711206+0000 INFO Connected
2025-03-03T17:33:34.054503+0000 INFO Connected
2025-03-03T17:36:46.725063+0000 INFO Connected
2025-03-03T17:37:03.903967+0000 INFO Connected
2025-03-03T17:38:54.434370+0000 INFO Connected
2025-03-03T17:39:07.624772+0000 INFO Received user message: Привет
2025-03-03T17:39:08.563718+0000 INFO Received answer: Привет! Как я могу помочь тебе сегодня?
2025-03-03T17:39:11.228664+0000 INFO Received user message: укепр
2025-03-03T17:39:11.982240+0000 INFO Received answer: Извини, но я не понимаю вашего сообщения. Могу ли я помочь вам чем-то еще?
2025-03-03T17:42:54.336414+0000 INFO Connected
2025-03-03T17:42:55.502366+0000 INFO Connected
2025-03-03T17:42:55.789410+0000 INFO Connected
2025-03-03T17:42:56.013085+0000 INFO Connected
2025-03-03T17:43:59.073006+0000 INFO Connected
2025-03-03T17:44:03.999462+0000 INFO Connected
2025-03-03T17:44:07.306002+0000 INFO Connected
2025-03-03T17:51:52.966470+0000 INFO Connected
2025-03-03T17:51:59.397945+0000 INFO Received user message: Привет
2025-03-03T17:52:00.211205+0000 INFO Received answer: Привет! Чем я могу помочь вам сегодня?
2025-03-03T17:55:00.625005+0000 INFO Connected
2025-03-03T17:55:03.916672+0000 INFO Received user message: Привет
2025-03-03T17:55:04.772777+0000 INFO Received answer: Привет! Я готов помочь вам. Чем могу быть полезен?
2025-03-03T17:55:13.318085+0000 INFO Received user message: Как дела?
2025-03-03T17:55:14.544672+0000 INFO Received answer: Спасибо, что спросили! У меня все отлично, я всегда готов помочь вам. Как я могу улучшить ваш день еще больше?
2025-03-03T18:00:59.255728+0000 INFO Connected
2025-03-03T18:01:39.163732+0000 INFO Connected
2025-03-03T18:01:40.583876+0000 INFO Received user message: setgh
2025-03-03T18:01:41.841034+0000 INFO Received answer: Извините, я не понимаю вашего сообщения. Если у вас есть какие-либо вопросы или запросы, пожалуйста, уточните, и я постараюсь помочь.
2025-03-03T18:01:45.476927+0000 INFO Connected
2025-03-03T18:01:47.793539+0000 INFO Received user message: seth
2025-03-03T18:01:49.204229+0000 INFO Received answer: Кажется, возможно вы допустили опечатку или ошибку в сообщении. Если у вас есть вопросы или нужна помощь, не стесняйтесь спрашивать. Я здесь, чтобы помочь вам!
2025-03-03T18:03:02.403164+0000 INFO Connected
2025-03-03T18:03:22.853764+0000 INFO Received user message: Привет
2025-03-03T18:03:27.081677+0000 INFO Received answer: Привет! Как я могу помочь вам сегодня?
2025-03-03T18:04:41.785621+0000 INFO Connected
2025-03-03T18:04:44.572232+0000 INFO Received user message: Привет
2025-03-03T18:04:45.441887+0000 INFO Received answer: Привет! Как я могу помочь вам сегодня?
2025-03-03T18:05:07.510947+0000 INFO Connected
2025-03-03T18:05:11.075492+0000 INFO Received user message: Привет
2025-03-03T18:05:12.003652+0000 INFO Received answer: Привет! Как я могу помочь вам сегодня?
2025-03-03T18:05:23.835560+0000 INFO Received user message: Расскажи мне про бином ньютона
2025-03-03T18:05:26.655456+0000 INFO Received answer: Бином Ньютона – это формула для раскрытия степенного выражения вида (a + b)^n, где a и b - любые числа, а n - натуральное число. Формула Бинома Ньютона выглядит следующим образом:

(a + b)^n = C(n,0)a^n*b^0 + C(n,1)a^(n-1)*b^1 + C(n,2)a^(n-2)*b^2 + ... + C(n,n)а^0*b^n,

где C(n,k) - биномиальные коэффициенты, равные n!/(k!(n-k)!), где ! означает факториал. 

Эта формула позволяет возвести сумму двух чисел в любую натуральную степень, раскрыв выражение и упростив его.
2025-03-03T18:06:09.085294+0000 INFO Connected
2025-03-03T18:07:07.454719+0000 INFO Connected
2025-03-03T18:07:10.323162+0000 INFO Received user message: Привет
2025-03-03T18:07:11.172918+0000 INFO Received answer: Привет! Как я могу помочь вам сегодня?
2025-03-03T18:08:06.356639+0000 INFO Connected
2025-03-03T18:08:37.950995+0000 INFO Connected
2025-03-03T18:09:07.660266+0000 INFO Connected
2025-03-03T18:09:18.652892+0000 INFO Connected
2025-03-03T18:13:32.736197+0000 INFO Connected
